platforms/android/build/outputs/logs/manifest-merger-debug-report.txt
-- Merging decision tree log ---
manifest
ADDED from platforms/android/AndroidManifest.xml:2:1-35:12
	package
		ADDED from platforms/android/AndroidManifest.xml:2:102-130
		INJECTED from platforms/android/AndroidManifest.xml
		INJECTED from platforms/android/AndroidManifest.xml
	android:versionName
		ADDED from platforms/android/AndroidManifest.xml:2:74-101
		INJECTED from platforms/android/AndroidManifest.xml
		INJECTED from platforms/android/AndroidManifest.xml
	android:hardwareAccelerated
		ADDED from platforms/android/AndroidManifest.xml:2:11-45
	android:versionCode
		ADDED from platforms/android/AndroidManifest.xml:2:46-73
		INJECTED from platforms/android/AndroidManifest.xml
		INJECTED from platforms/android/AndroidManifest.xml
	xmlns:android
		ADDED from platforms/android/AndroidManifest.xml:2:131-189
supports-screens
ADDED from platforms/android/AndroidManifest.xml:3:5-191
	android:largeScreens
		ADDED from platforms/android/AndroidManifest.xml:3:49-76
	android:smallScreens
		ADDED from platforms/android/AndroidManifest.xml:3:132-159
	android:normalScreens
		ADDED from platforms/android/AndroidManifest.xml:3:77-105
	android:xlargeScreens
		ADDED from platforms/android/AndroidManifest.xml:3:160-188
	android:resizeable
		ADDED from platforms/android/AndroidManifest.xml:3:106-131
	android:anyDensity
		ADDED from platforms/android/AndroidManifest.xml:3:23-48
uses-permission#android.permission.INTERNET
ADDED from platforms/android/AndroidManifest.xml:4:5-67
	android:name
		ADDED from platforms/android/AndroidManifest.xml:4:22-64
application
ADDED from platforms/android/AndroidManifest.xml:5:5-30:19
	android:label
		ADDED from platforms/android/AndroidManifest.xml:5:83-115
	android:supportsRtl
		ADDED from platforms/android/AndroidManifest.xml:5:116-142
	android:hardwareAccelerated
		ADDED from platforms/android/AndroidManifest.xml:5:18-52
	android:icon
		ADDED from platforms/android/AndroidManifest.xml:5:53-82
activity#nf.co.novomic.scan.MainActivity
ADDED from platforms/android/AndroidManifest.xml:6:9-11:20
	android:label
		ADDED from platforms/android/AndroidManifest.xml:6:97-134
	android:launchMode
		ADDED from platforms/android/AndroidManifest.xml:6:135-165
	android:windowSoftInputMode
		ADDED from platforms/android/AndroidManifest.xml:6:257-299
	android:configChanges
		ADDED from platforms/android/AndroidManifest.xml:6:19-96
	android:theme
		ADDED from platforms/android/AndroidManifest.xml:6:194-256
	android:name
		ADDED from platforms/android/AndroidManifest.xml:6:166-193
intent-filter#android.intent.action.MAIN+android.intent.category.LAUNCHER
ADDED from platforms/android/AndroidManifest.xml:7:13-10:29
	android:label
		ADDED from platforms/android/AndroidManifest.xml:7:28-65
action#android.intent.action.MAIN
ADDED from platforms/android/AndroidManifest.xml:8:17-69
	android:name
		ADDED from platforms/android/AndroidManifest.xml:8:25-66
category#android.intent.category.LAUNCHER
ADDED from platforms/android/AndroidManifest.xml:9:17-77
	android:name
		ADDED from platforms/android/AndroidManifest.xml:9:27-74
activity#com.google.zxing.client.android.CaptureActivity
ADDED from platforms/android/AndroidManifest.xml:12:9-17:20
	android:clearTaskOnLaunch
		ADDED from platforms/android/AndroidManifest.xml:12:19-51
	android:screenOrientation
		ADDED from platforms/android/AndroidManifest.xml:12:191-228
	android:exported
		ADDED from platforms/android/AndroidManifest.xml:12:103-127
	android:windowSoftInputMode
		ADDED from platforms/android/AndroidManifest.xml:12:288-335
	android:configChanges
		ADDED from platforms/android/AndroidManifest.xml:12:52-102
	android:theme
		ADDED from platforms/android/AndroidManifest.xml:12:229-287
	android:name
		ADDED from platforms/android/AndroidManifest.xml:12:128-190
intent-filter#android.intent.category.DEFAULT+com.google.zxing.client.android.SCAN
ADDED from platforms/android/AndroidManifest.xml:13:13-16:29
action#com.google.zxing.client.android.SCAN
ADDED from platforms/android/AndroidManifest.xml:14:17-79
	android:name
		ADDED from platforms/android/AndroidManifest.xml:14:25-76
category#android.intent.category.DEFAULT
ADDED from platforms/android/AndroidManifest.xml:15:17-76
	android:name
		ADDED from platforms/android/AndroidManifest.xml:15:27-73
activity#com.google.zxing.client.android.encode.EncodeActivity
ADDED from platforms/android/AndroidManifest.xml:18:9-23:20
	android:label
		ADDED from platforms/android/AndroidManifest.xml:18:19-53
	android:name
		ADDED from platforms/android/AndroidManifest.xml:18:54-122
intent-filter#android.intent.category.DEFAULT+net.roughshod.plugins.barcodescanner.ENCODE
ADDED from platforms/android/AndroidManifest.xml:19:13-22:29
action#net.roughshod.plugins.barcodescanner.ENCODE
ADDED from platforms/android/AndroidManifest.xml:20:17-86
	android:name
		ADDED from platforms/android/AndroidManifest.xml:20:25-83
activity#com.google.zxing.client.android.HelpActivity
ADDED from platforms/android/AndroidManifest.xml:24:9-29:20
	android:label
		ADDED from platforms/android/AndroidManifest.xml:24:19-53
	android:name
		ADDED from platforms/android/AndroidManifest.xml:24:54-113
intent-filter#android.intent.action.VIEW+android.intent.category.DEFAULT
ADDED from platforms/android/AndroidManifest.xml:25:13-28:29
action#android.intent.action.VIEW
ADDED from platforms/android/AndroidManifest.xml:26:17-69
	android:name
		ADDED from platforms/android/AndroidManifest.xml:26:25-66
uses-sdk
ADDED from platforms/android/AndroidManifest.xml:31:5-74
MERGED from [android:CordovaLib:unspecified:debug] AndroidManifest.xml:25:5-44
	android:targetSdkVersion
		ADDED from platforms/android/AndroidManifest.xml:31:42-71
	android:minSdkVersion
		ADDED from platforms/android/AndroidManifest.xml:31:15-41
uses-permission#android.permission.CAMERA
ADDED from platforms/android/AndroidManifest.xml:32:5-65
	android:name
		ADDED from platforms/android/AndroidManifest.xml:32:22-62
uses-permission#android.permission.FLASHLIGHT
ADDED from platforms/android/AndroidManifest.xml:33:5-69
	android:name
		ADDED from platforms/android/AndroidManifest.xml:33:22-66
uses-feature#android.hardware.camera
ADDED from platforms/android/AndroidManifest.xml:34:5-85
	android:required
		ADDED from platforms/android/AndroidManifest.xml:34:58-82
	android:name
		ADDED from platforms/android/AndroidManifest.xml:34:19-57